yida-jwt-shrio |2020-04-05 21:03:05 |INFO  |main |StartupInfoLogger.java:50 |com.yida.DemoApplication |Starting DemoApplication on DESKTOP-5IC5PNR with PID 94608 (D:\MyNewProject\yida-jwt-shrio\target\classes started by zhangyifei in D:\MyNewProject\yida-jwt-shrio)
yida-jwt-shrio |2020-04-05 21:03:05 |INFO  |main |SpringApplication.java:675 |com.yida.DemoApplication |No active profile set, falling back to default profiles: default
yida-jwt-shrio |2020-04-05 21:03:06 |INFO  |main |TomcatWebServer.java:90 |org.springframework.boot.web.embedded.tomcat.TomcatWebServer |Tomcat initialized with port(s): 8888 (http)
yida-jwt-shrio |2020-04-05 21:03:06 |INFO  |main |DirectJDKLog.java:173 |org.apache.coyote.http11.Http11NioProtocol |Initializing ProtocolHandler ["http-nio-8888"]
yida-jwt-shrio |2020-04-05 21:03:06 |INFO  |main |DirectJDKLog.java:173 |org.apache.catalina.core.StandardService |Starting service [Tomcat]
yida-jwt-shrio |2020-04-05 21:03:06 |INFO  |main |DirectJDKLog.java:173 |org.apache.catalina.core.StandardEngine |Starting Servlet engine: [Apache Tomcat/9.0.16]
yida-jwt-shrio |2020-04-05 21:03:06 |INFO  |main |DirectJDKLog.java:173 |org.apache.catalina.core.AprLifecycleListener |The APR based Apache Tomcat Native library which allows optimal performance in production environments was not found on the java.library.path: [C:\mysystem\jdk8\jdk\bin;C:\WINDOWS\Sun\Java\bin;C:\WINDOWS\system32;C:\WINDOWS;C:\mysystem\xftp\ftp5\;C:\ProgramData\Boxstarter;C:\Program Files (x86)\Intel\iCLS Client\;C:\Program Files\Intel\iCLS Client\;C:\Windows\system32;C:\Windows;C:\Windows\System32\Wbem;C:\Windows\System32\WindowsPowerShell\v1.0\;C:\Program Files (x86)\Intel\Intel(R) Management Engine Components\DAL;C:\Program Files\Intel\Intel(R) Management Engine Components\DAL;C:\Program Files (x86)\Intel\Intel(R) Management Engine Components\IPT;C:\Program Files\Intel\Intel(R) Management Engine Components\IPT;C:\Program Files (x86)\NVIDIA Corporation\PhysX\Common;C:\mysystem\jdk8\jdk\bin;C:\mysystem\jdk8\jdk\jre\bin;C:\mysystem\mysql\mysql-5.7.22-winx64\bin;D:\maven\apache-maven-3.5.3\bin;C:\WINDOWS\system32;C:\WINDOWS;C:\WINDOWS\System32\Wbem;C:\WINDOWS\System32\WindowsPowerShell\v1.0\;C:\WINDOWS\System32\OpenSSH\;C:\mysystem\nodejs\node_global\;C:\mysystem\nodejs\;C:\ProgramData\chocolatey\bin;C:\mysystem\erlang\erl9.3\bin;C:\Users\zhangyifei\AppData\Roaming\npm;C:\mysystem\ffmpeg\ffmpeg-20180227-fa0c9d6-win64-static\bin;C:\mysystem\git\Git\bin;C:\Users\zhangyifei\AppData\Local\Yarn\bin;C:\mysystem\liquibase;C:\mysystem\proto\bin;D:\gradle\gradle-5.2.1\bin;C:\Program Files\Intel\WiFi\bin\;C:\Program Files\Common Files\Intel\WirelessCommon\;C:\WINDOWS\system32;C:\WINDOWS;C:\WINDOWS\System32\Wbem;C:\WINDOWS\System32\WindowsPowerShell\v1.0\;C:\WINDOWS\System32\OpenSSH\;C:\mysystem\python;C:\mysystem\Anaconda3\process\Scripts;C:\mysystem\python\Scripts\;C:\mysystem\python\;C:\mysystem\ruby\Ruby25-x64\bin;C:\Users\zhangyifei\AppData\Local\Microsoft\WindowsApps;C:\mysystem\vscode\Microsoft VS Code\bin;C:\mysystem\git\Git\bin;;C:\Users\zhangyifei\AppData\Local\Microsoft\WindowsApps;C:\mysystem\pycharm-professional\PyCharm 2019.2.3\bin;;.]
yida-jwt-shrio |2020-04-05 21:03:06 |INFO  |main |DirectJDKLog.java:173 |org.apache.catalina.core.ContainerBase.[Tomcat].[localhost].[/] |Initializing Spring embedded WebApplicationContext
yida-jwt-shrio |2020-04-05 21:03:06 |INFO  |main |ServletWebServerApplicationContext.java:296 |org.springframework.web.context.ContextLoader |Root WebApplicationContext: initialization completed in 1011 ms
yida-jwt-shrio |2020-04-05 21:03:06 |INFO  |main |DruidDataSourceAutoConfigure.java:56 |com.alibaba.druid.spring.boot.autoconfigure.DruidDataSourceAutoConfigure |Init DruidDataSource
yida-jwt-shrio |2020-04-05 21:03:06 |INFO  |main |DruidDataSource.java:1010 |com.alibaba.druid.pool.DruidDataSource |{dataSource-1} inited
yida-jwt-shrio |2020-04-05 21:03:07 |INFO  |main |ExecutorConfigurationSupport.java:171 |org.springframework.scheduling.concurrent.ThreadPoolTaskExecutor |Initializing ExecutorService 'applicationTaskExecutor'
yida-jwt-shrio |2020-04-05 21:03:07 |INFO  |main |DirectJDKLog.java:173 |org.apache.coyote.http11.Http11NioProtocol |Starting ProtocolHandler ["http-nio-8888"]
yida-jwt-shrio |2020-04-05 21:03:07 |INFO  |main |TomcatWebServer.java:204 |org.springframework.boot.web.embedded.tomcat.TomcatWebServer |Tomcat started on port(s): 8888 (http) with context path ''
yida-jwt-shrio |2020-04-05 21:03:07 |INFO  |main |StartupInfoLogger.java:59 |com.yida.DemoApplication |Started DemoApplication in 2.546 seconds (JVM running for 3.467)
yida-jwt-shrio |2020-04-05 21:16:47 |INFO  |Thread-7 |ExecutorConfigurationSupport.java:208 |org.springframework.scheduling.concurrent.ThreadPoolTaskExecutor |Shutting down ExecutorService 'applicationTaskExecutor'
yida-jwt-shrio |2020-04-05 21:16:47 |INFO  |Thread-7 |DruidDataSource.java:2003 |com.alibaba.druid.pool.DruidDataSource |{dataSource-1} closing ...
yida-jwt-shrio |2020-04-05 21:16:47 |INFO  |Thread-7 |DruidDataSource.java:2075 |com.alibaba.druid.pool.DruidDataSource |{dataSource-1} closed
yida-jwt-shrio |2020-04-05 21:48:08 |INFO  |main |StartupInfoLogger.java:50 |com.yida.DemoApplication |Starting DemoApplication on DESKTOP-5IC5PNR with PID 92224 (D:\MyNewProject\yida-jwt-shrio\target\classes started by zhangyifei in D:\MyNewProject\yida-jwt-shrio)
yida-jwt-shrio |2020-04-05 21:48:08 |INFO  |main |SpringApplication.java:675 |com.yida.DemoApplication |No active profile set, falling back to default profiles: default
yida-jwt-shrio |2020-04-05 21:48:08 |WARN  |main |AbstractApplicationContext.java:557 |org.springframework.boot.web.servlet.context.AnnotationConfigServletWebServerApplicationContext |Exception encountered during context initialization - cancelling refresh attempt: org.springframework.beans.factory.BeanDefinitionStoreException: Failed to parse configuration class [com.yida.DemoApplication]; nested exception is org.springframework.context.annotation.ConflictingBeanDefinitionException: Annotation-specified bean name 'userService' for bean class [com.yida.service.impl.UserServiceImpl] conflicts with existing, non-compatible bean definition of same name and class [com.yida.common.config.UserService]
yida-jwt-shrio |2020-04-05 21:48:08 |ERROR |main |SpringApplication.java:858 |org.springframework.boot.SpringApplication |Application run failed
org.springframework.beans.factory.BeanDefinitionStoreException: Failed to parse configuration class [com.yida.DemoApplication]; nested exception is org.springframework.context.annotation.ConflictingBeanDefinitionException: Annotation-specified bean name 'userService' for bean class [com.yida.service.impl.UserServiceImpl] conflicts with existing, non-compatible bean definition of same name and class [com.yida.common.config.UserService]
	at org.springframework.context.annotation.ConfigurationClassParser.parse(ConfigurationClassParser.java:181)
	at org.springframework.context.annotation.ConfigurationClassPostProcessor.processConfigBeanDefinitions(ConfigurationClassPostProcessor.java:315)
	at org.springframework.context.annotation.ConfigurationClassPostProcessor.postProcessBeanDefinitionRegistry(ConfigurationClassPostProcessor.java:232)
	at org.springframework.context.support.PostProcessorRegistrationDelegate.invokeBeanDefinitionRegistryPostProcessors(PostProcessorRegistrationDelegate.java:275)
	at org.springframework.context.support.PostProcessorRegistrationDelegate.invokeBeanFactoryPostProcessors(PostProcessorRegistrationDelegate.java:95)
	at org.springframework.context.support.AbstractApplicationContext.invokeBeanFactoryPostProcessors(AbstractApplicationContext.java:705)
	at org.springframework.context.support.AbstractApplicationContext.refresh(AbstractApplicationContext.java:531)
	at org.springframework.boot.web.servlet.context.ServletWebServerApplicationContext.refresh(ServletWebServerApplicationContext.java:142)
	at org.springframework.boot.SpringApplication.refresh(SpringApplication.java:775)
	at org.springframework.boot.SpringApplication.refreshContext(SpringApplication.java:397)
	at org.springframework.boot.SpringApplication.run(SpringApplication.java:316)
	at org.springframework.boot.SpringApplication.run(SpringApplication.java:1260)
	at org.springframework.boot.SpringApplication.run(SpringApplication.java:1248)
	at com.yida.DemoApplication.main(DemoApplication.java:15)
Caused by: org.springframework.context.annotation.ConflictingBeanDefinitionException: Annotation-specified bean name 'userService' for bean class [com.yida.service.impl.UserServiceImpl] conflicts with existing, non-compatible bean definition of same name and class [com.yida.common.config.UserService]
	at org.springframework.context.annotation.ClassPathBeanDefinitionScanner.checkCandidate(ClassPathBeanDefinitionScanner.java:348)
	at org.springframework.context.annotation.ClassPathBeanDefinitionScanner.doScan(ClassPathBeanDefinitionScanner.java:286)
	at org.springframework.context.annotation.ComponentScanAnnotationParser.parse(ComponentScanAnnotationParser.java:132)
	at org.springframework.context.annotation.ConfigurationClassParser.doProcessConfigurationClass(ConfigurationClassParser.java:287)
	at org.springframework.context.annotation.ConfigurationClassParser.processConfigurationClass(ConfigurationClassParser.java:242)
	at org.springframework.context.annotation.ConfigurationClassParser.parse(ConfigurationClassParser.java:199)
	at org.springframework.context.annotation.ConfigurationClassParser.parse(ConfigurationClassParser.java:167)
	... 13 common frames omitted
yida-jwt-shrio |2020-04-05 21:49:24 |INFO  |main |StartupInfoLogger.java:50 |com.yida.DemoApplication |Starting DemoApplication on DESKTOP-5IC5PNR with PID 99336 (D:\MyNewProject\yida-jwt-shrio\target\classes started by zhangyifei in D:\MyNewProject\yida-jwt-shrio)
yida-jwt-shrio |2020-04-05 21:49:24 |INFO  |main |SpringApplication.java:675 |com.yida.DemoApplication |No active profile set, falling back to default profiles: default
yida-jwt-shrio |2020-04-05 21:49:25 |INFO  |main |PostProcessorRegistrationDelegate.java:330 |org.springframework.context.support.PostProcessorRegistrationDelegate$BeanPostProcessorChecker |Bean 'shiroConfig' of type [com.yida.util.ShiroConfig$$EnhancerBySpringCGLIB$$3cd9920e] is not eligible for getting processed by all BeanPostProcessors (for example: not eligible for auto-proxying)
yida-jwt-shrio |2020-04-05 21:49:25 |INFO  |main |PostProcessorRegistrationDelegate.java:330 |org.springframework.context.support.PostProcessorRegistrationDelegate$BeanPostProcessorChecker |Bean 'userService1' of type [com.yida.common.config.UserService1] is not eligible for getting processed by all BeanPostProcessors (for example: not eligible for auto-proxying)
yida-jwt-shrio |2020-04-05 21:49:25 |INFO  |main |PostProcessorRegistrationDelegate.java:330 |org.springframework.context.support.PostProcessorRegistrationDelegate$BeanPostProcessorChecker |Bean 'myRealm' of type [com.yida.common.config.MyRealm$$EnhancerBySpringCGLIB$$dee1b919] is not eligible for getting processed by all BeanPostProcessors (for example: not eligible for auto-proxying)
yida-jwt-shrio |2020-04-05 21:49:25 |INFO  |main |PostProcessorRegistrationDelegate.java:330 |org.springframework.context.support.PostProcessorRegistrationDelegate$BeanPostProcessorChecker |Bean 'securityManager' of type [org.apache.shiro.web.mgt.DefaultWebSecurityManager] is not eligible for getting processed by all BeanPostProcessors (for example: not eligible for auto-proxying)
yida-jwt-shrio |2020-04-05 21:49:25 |INFO  |main |PostProcessorRegistrationDelegate.java:330 |org.springframework.context.support.PostProcessorRegistrationDelegate$BeanPostProcessorChecker |Bean 'org.springframework.transaction.annotation.ProxyTransactionManagementConfiguration' of type [org.springframework.transaction.annotation.ProxyTransactionManagementConfiguration$$EnhancerBySpringCGLIB$$4d4522e] is not eligible for getting processed by all BeanPostProcessors (for example: not eligible for auto-proxying)
yida-jwt-shrio |2020-04-05 21:49:25 |INFO  |main |PostProcessorRegistrationDelegate.java:330 |org.springframework.context.support.PostProcessorRegistrationDelegate$BeanPostProcessorChecker |Bean 'authorizationAttributeSourceAdvisor' of type [org.apache.shiro.spring.security.interceptor.AuthorizationAttributeSourceAdvisor] is not eligible for getting processed by all BeanPostProcessors (for example: not eligible for auto-proxying)
yida-jwt-shrio |2020-04-05 21:49:26 |INFO  |main |TomcatWebServer.java:90 |org.springframework.boot.web.embedded.tomcat.TomcatWebServer |Tomcat initialized with port(s): 8888 (http)
yida-jwt-shrio |2020-04-05 21:49:26 |INFO  |main |DirectJDKLog.java:173 |org.apache.coyote.http11.Http11NioProtocol |Initializing ProtocolHandler ["http-nio-8888"]
yida-jwt-shrio |2020-04-05 21:49:26 |INFO  |main |DirectJDKLog.java:173 |org.apache.catalina.core.StandardService |Starting service [Tomcat]
yida-jwt-shrio |2020-04-05 21:49:26 |INFO  |main |DirectJDKLog.java:173 |org.apache.catalina.core.StandardEngine |Starting Servlet engine: [Apache Tomcat/9.0.16]
yida-jwt-shrio |2020-04-05 21:49:26 |INFO  |main |DirectJDKLog.java:173 |org.apache.catalina.core.AprLifecycleListener |The APR based Apache Tomcat Native library which allows optimal performance in production environments was not found on the java.library.path: [C:\mysystem\jdk8\jdk\bin;C:\WINDOWS\Sun\Java\bin;C:\WINDOWS\system32;C:\WINDOWS;C:\mysystem\xftp\ftp5\;C:\ProgramData\Boxstarter;C:\Program Files (x86)\Intel\iCLS Client\;C:\Program Files\Intel\iCLS Client\;C:\Windows\system32;C:\Windows;C:\Windows\System32\Wbem;C:\Windows\System32\WindowsPowerShell\v1.0\;C:\Program Files (x86)\Intel\Intel(R) Management Engine Components\DAL;C:\Program Files\Intel\Intel(R) Management Engine Components\DAL;C:\Program Files (x86)\Intel\Intel(R) Management Engine Components\IPT;C:\Program Files\Intel\Intel(R) Management Engine Components\IPT;C:\Program Files (x86)\NVIDIA Corporation\PhysX\Common;C:\mysystem\jdk8\jdk\bin;C:\mysystem\jdk8\jdk\jre\bin;C:\mysystem\mysql\mysql-5.7.22-winx64\bin;D:\maven\apache-maven-3.5.3\bin;C:\WINDOWS\system32;C:\WINDOWS;C:\WINDOWS\System32\Wbem;C:\WINDOWS\System32\WindowsPowerShell\v1.0\;C:\WINDOWS\System32\OpenSSH\;C:\mysystem\nodejs\node_global\;C:\mysystem\nodejs\;C:\ProgramData\chocolatey\bin;C:\mysystem\erlang\erl9.3\bin;C:\Users\zhangyifei\AppData\Roaming\npm;C:\mysystem\ffmpeg\ffmpeg-20180227-fa0c9d6-win64-static\bin;C:\mysystem\git\Git\bin;C:\Users\zhangyifei\AppData\Local\Yarn\bin;C:\mysystem\liquibase;C:\mysystem\proto\bin;D:\gradle\gradle-5.2.1\bin;C:\Program Files\Intel\WiFi\bin\;C:\Program Files\Common Files\Intel\WirelessCommon\;C:\WINDOWS\system32;C:\WINDOWS;C:\WINDOWS\System32\Wbem;C:\WINDOWS\System32\WindowsPowerShell\v1.0\;C:\WINDOWS\System32\OpenSSH\;C:\mysystem\python;C:\mysystem\Anaconda3\process\Scripts;C:\mysystem\python\Scripts\;C:\mysystem\python\;C:\mysystem\ruby\Ruby25-x64\bin;C:\Users\zhangyifei\AppData\Local\Microsoft\WindowsApps;C:\mysystem\vscode\Microsoft VS Code\bin;C:\mysystem\git\Git\bin;;C:\Users\zhangyifei\AppData\Local\Microsoft\WindowsApps;C:\mysystem\pycharm-professional\PyCharm 2019.2.3\bin;;.]
yida-jwt-shrio |2020-04-05 21:49:26 |INFO  |main |DirectJDKLog.java:173 |org.apache.catalina.core.ContainerBase.[Tomcat].[localhost].[/] |Initializing Spring embedded WebApplicationContext
yida-jwt-shrio |2020-04-05 21:49:26 |INFO  |main |ServletWebServerApplicationContext.java:296 |org.springframework.web.context.ContextLoader |Root WebApplicationContext: initialization completed in 1498 ms
yida-jwt-shrio |2020-04-05 21:49:26 |INFO  |main |DruidDataSourceAutoConfigure.java:56 |com.alibaba.druid.spring.boot.autoconfigure.DruidDataSourceAutoConfigure |Init DruidDataSource
yida-jwt-shrio |2020-04-05 21:49:26 |INFO  |main |DruidDataSource.java:1010 |com.alibaba.druid.pool.DruidDataSource |{dataSource-1} inited
yida-jwt-shrio |2020-04-05 21:49:27 |INFO  |main |ExecutorConfigurationSupport.java:171 |org.springframework.scheduling.concurrent.ThreadPoolTaskExecutor |Initializing ExecutorService 'applicationTaskExecutor'
yida-jwt-shrio |2020-04-05 21:49:27 |INFO  |main |DirectJDKLog.java:173 |org.apache.coyote.http11.Http11NioProtocol |Starting ProtocolHandler ["http-nio-8888"]
yida-jwt-shrio |2020-04-05 21:49:27 |INFO  |main |TomcatWebServer.java:204 |org.springframework.boot.web.embedded.tomcat.TomcatWebServer |Tomcat started on port(s): 8888 (http) with context path ''
yida-jwt-shrio |2020-04-05 21:49:27 |INFO  |main |StartupInfoLogger.java:59 |com.yida.DemoApplication |Started DemoApplication in 3.183 seconds (JVM running for 4.142)
yida-jwt-shrio |2020-04-05 21:49:36 |INFO  |http-nio-8888-exec-1 |DirectJDKLog.java:173 |org.apache.catalina.core.ContainerBase.[Tomcat].[localhost].[/] |Initializing Spring DispatcherServlet 'dispatcherServlet'
yida-jwt-shrio |2020-04-05 21:49:36 |INFO  |http-nio-8888-exec-1 |FrameworkServlet.java:524 |org.springframework.web.servlet.DispatcherServlet |Initializing Servlet 'dispatcherServlet'
yida-jwt-shrio |2020-04-05 21:49:36 |INFO  |http-nio-8888-exec-1 |FrameworkServlet.java:546 |org.springframework.web.servlet.DispatcherServlet |Completed initialization in 6 ms
